2016-04-04 23:38:79: Mon, 04 Apr 2016 15:38:03 GMT express-session deprecated undefined resave option; provide resave option at routes\middlewares.js:23:13
2016-04-04 23:38:45: Mon, 04 Apr 2016 15:38:04 GMT express-session deprecated undefined resave option; provide resave option at routes\middlewares.js:23:13
2016-04-04 23:38:45: Mon, 04 Apr 2016 15:38:04 GMT express-session deprecated undefined saveUninitialized option; provide saveUninitialized option at routes\middlewares.js:23:13
2016-04-04 23:38:79: Mon, 04 Apr 2016 15:38:03 GMT express-session deprecated undefined saveUninitialized option; provide saveUninitialized option at routes\middlewares.js:23:13
Error: connect ECONNREFUSED 127.0.0.1:27017
    at Object.exports._errnoException (util.js:874:11)
    at exports._exceptionWithHostPort (util.js:897:20)
    at TCPConnectWrap.afterConnect [as oncomplete] (net.js:1063:14)
2016-04-04 23:38:76: Mon, 04 Apr 2016 15:38:06 GMT express-session deprecated undefined resave option; provide resave option at routes\middlewares.js:23:13
2016-04-04 23:38:76: Mon, 04 Apr 2016 15:38:06 GMT express-session deprecated undefined saveUninitialized option; provide saveUninitialized option at routes\middlewares.js:23:13
2016-04-04 23:38:39: Mon, 04 Apr 2016 15:38:07 GMT express-session deprecated undefined resave option; provide resave option at routes\middlewares.js:23:13
2016-04-04 23:38:39: Mon, 04 Apr 2016 15:38:07 GMT express-session deprecated undefined saveUninitialized option; provide saveUninitialized option at routes\middlewares.js:23:13
Error: connect ECONNREFUSED 127.0.0.1:27017
    at Object.exports._errnoException (util.js:874:11)
    at exports._exceptionWithHostPort (util.js:897:20)
    at TCPConnectWrap.afterConnect [as oncomplete] (net.js:1063:14)
2016-04-04 23:38:73: Mon, 04 Apr 2016 15:38:09 GMT express-session deprecated undefined resave option; provide resave option at routes\middlewares.js:23:13
2016-04-04 23:38:75: Mon, 04 Apr 2016 15:38:09 GMT express-session deprecated undefined saveUninitialized option; provide saveUninitialized option at routes\middlewares.js:23:13
2016-04-04 23:38:67: Mon, 04 Apr 2016 15:38:11 GMT express-session deprecated undefined resave option; provide resave option at routes\middlewares.js:23:13
2016-04-04 23:38:67: Mon, 04 Apr 2016 15:38:11 GMT express-session deprecated undefined saveUninitialized option; provide saveUninitialized option at routes\middlewares.js:23:13
2016-04-04 23:38:23: Mon, 04 Apr 2016 15:38:14 GMT express-session deprecated undefined resave option; provide resave option at routes\middlewares.js:23:13
2016-04-04 23:38:24: Mon, 04 Apr 2016 15:38:14 GMT express-session deprecated undefined saveUninitialized option; provide saveUninitialized option at routes\middlewares.js:23:13
Error: connect ECONNREFUSED 127.0.0.1:27017
    at Object.exports._errnoException (util.js:874:11)
    at exports._exceptionWithHostPort (util.js:897:20)
    at TCPConnectWrap.afterConnect [as oncomplete] (net.js:1063:14)
2016-04-04 23:38:31: Mon, 04 Apr 2016 15:38:19 GMT express-session deprecated undefined resave option; provide resave option at routes\middlewares.js:23:13
2016-04-04 23:38:32: Mon, 04 Apr 2016 15:38:19 GMT express-session deprecated undefined saveUninitialized option; provide saveUninitialized option at routes\middlewares.js:23:13
2016-04-04 23:38:07: Mon, 04 Apr 2016 15:38:21 GMT express-session deprecated undefined resave option; provide resave option at routes\middlewares.js:23:13
2016-04-04 23:38:07: Mon, 04 Apr 2016 15:38:21 GMT express-session deprecated undefined saveUninitialized option; provide saveUninitialized option at routes\middlewares.js:23:13
2016-04-04 23:38:90: Mon, 04 Apr 2016 15:38:22 GMT express-session deprecated undefined resave option; provide resave option at routes\middlewares.js:23:13
2016-04-04 23:38:90: Mon, 04 Apr 2016 15:38:22 GMT express-session deprecated undefined saveUninitialized option; provide saveUninitialized option at routes\middlewares.js:23:13
2016-04-04 23:38:76: Mon, 04 Apr 2016 15:38:24 GMT express-session deprecated undefined resave option; provide resave option at routes\middlewares.js:23:13
2016-04-04 23:38:76: Mon, 04 Apr 2016 15:38:24 GMT express-session deprecated undefined saveUninitialized option; provide saveUninitialized option at routes\middlewares.js:23:13
2016-04-04 23:38:74: Mon, 04 Apr 2016 15:38:26 GMT express-session deprecated undefined resave option; provide resave option at routes\middlewares.js:23:13
2016-04-04 23:38:75: Mon, 04 Apr 2016 15:38:26 GMT express-session deprecated undefined saveUninitialized option; provide saveUninitialized option at routes\middlewares.js:23:13
2016-04-04 23:38:94: Mon, 04 Apr 2016 15:38:28 GMT express-session deprecated undefined resave option; provide resave option at routes\middlewares.js:23:13
2016-04-04 23:38:94: Mon, 04 Apr 2016 15:38:28 GMT express-session deprecated undefined saveUninitialized option; provide saveUninitialized option at routes\middlewares.js:23:13
2016-04-04 23:38:81: Mon, 04 Apr 2016 15:38:29 GMT express-session deprecated undefined resave option; provide resave option at routes\middlewares.js:23:13
2016-04-04 23:38:82: Mon, 04 Apr 2016 15:38:29 GMT express-session deprecated undefined saveUninitialized option; provide saveUninitialized option at routes\middlewares.js:23:13
Error: connect ECONNREFUSED 127.0.0.1:27017
    at Object.exports._errnoException (util.js:874:11)
    at exports._exceptionWithHostPort (util.js:897:20)
    at TCPConnectWrap.afterConnect [as oncomplete] (net.js:1063:14)
2016-04-04 23:38:62: Mon, 04 Apr 2016 15:38:31 GMT express-session deprecated undefined resave option; provide resave option at routes\middlewares.js:23:13
2016-04-04 23:38:66: Mon, 04 Apr 2016 15:38:31 GMT express-session deprecated undefined resave option; provide resave option at routes\middlewares.js:23:13
2016-04-04 23:38:63: Mon, 04 Apr 2016 15:38:31 GMT express-session deprecated undefined saveUninitialized option; provide saveUninitialized option at routes\middlewares.js:23:13
2016-04-04 23:38:66: Mon, 04 Apr 2016 15:38:31 GMT express-session deprecated undefined saveUninitialized option; provide saveUninitialized option at routes\middlewares.js:23:13
Error: connect ECONNREFUSED 127.0.0.1:27017
    at Object.exports._errnoException (util.js:874:11)
    at exports._exceptionWithHostPort (util.js:897:20)
    at TCPConnectWrap.afterConnect [as oncomplete] (net.js:1063:14)
2016-04-04 23:38:14: Mon, 04 Apr 2016 15:38:34 GMT express-session deprecated undefined resave option; provide resave option at routes\middlewares.js:23:13
2016-04-04 23:38:15: Mon, 04 Apr 2016 15:38:34 GMT express-session deprecated undefined saveUninitialized option; provide saveUninitialized option at routes\middlewares.js:23:13
Error: connect ECONNREFUSED 127.0.0.1:27017
    at Object.exports._errnoException (util.js:874:11)
    at exports._exceptionWithHostPort (util.js:897:20)
    at TCPConnectWrap.afterConnect [as oncomplete] (net.js:1063:14)
2016-04-04 23:38:48: Mon, 04 Apr 2016 15:38:38 GMT express-session deprecated undefined resave option; provide resave option at routes\middlewares.js:23:13
2016-04-04 23:38:48: Mon, 04 Apr 2016 15:38:38 GMT express-session deprecated undefined saveUninitialized option; provide saveUninitialized option at routes\middlewares.js:23:13
2016-04-04 23:38:41: Mon, 04 Apr 2016 15:38:41 GMT express-session deprecated undefined resave option; provide resave option at routes\middlewares.js:23:13
2016-04-04 23:38:42: Mon, 04 Apr 2016 15:38:41 GMT express-session deprecated undefined saveUninitialized option; provide saveUninitialized option at routes\middlewares.js:23:13
2016-04-04 23:38:41: Mon, 04 Apr 2016 15:38:42 GMT express-session deprecated undefined resave option; provide resave option at routes\middlewares.js:23:13
2016-04-04 23:38:41: Mon, 04 Apr 2016 15:38:42 GMT express-session deprecated undefined saveUninitialized option; provide saveUninitialized option at routes\middlewares.js:23:13
Error: connect ECONNREFUSED 127.0.0.1:27017
    at Object.exports._errnoException (util.js:874:11)
    at exports._exceptionWithHostPort (util.js:897:20)
    at TCPConnectWrap.afterConnect [as oncomplete] (net.js:1063:14)
Error: connect ECONNREFUSED 127.0.0.1:27017
    at Object.exports._errnoException (util.js:874:11)
    at exports._exceptionWithHostPort (util.js:897:20)
    at TCPConnectWrap.afterConnect [as oncomplete] (net.js:1063:14)
2016-04-04 23:38:77: Mon, 04 Apr 2016 15:38:43 GMT express-session deprecated undefined resave option; provide resave option at routes\middlewares.js:23:13
2016-04-04 23:38:77: Mon, 04 Apr 2016 15:38:43 GMT express-session deprecated undefined saveUninitialized option; provide saveUninitialized option at routes\middlewares.js:23:13
Error: connect ECONNREFUSED 127.0.0.1:27017
    at Object.exports._errnoException (util.js:874:11)
    at exports._exceptionWithHostPort (util.js:897:20)
    at TCPConnectWrap.afterConnect [as oncomplete] (net.js:1063:14)
2016-04-04 23:38:16: Mon, 04 Apr 2016 15:38:45 GMT express-session deprecated undefined resave option; provide resave option at routes\middlewares.js:23:13
2016-04-04 23:38:17: Mon, 04 Apr 2016 15:38:45 GMT express-session deprecated undefined saveUninitialized option; provide saveUninitialized option at routes\middlewares.js:23:13
Error: connect ECONNREFUSED 127.0.0.1:27017
    at Object.exports._errnoException (util.js:874:11)
    at exports._exceptionWithHostPort (util.js:897:20)
    at TCPConnectWrap.afterConnect [as oncomplete] (net.js:1063:14)
2016-04-04 23:38:43: Mon, 04 Apr 2016 15:38:46 GMT express-session deprecated undefined resave option; provide resave option at routes\middlewares.js:23:13
2016-04-04 23:38:43: Mon, 04 Apr 2016 15:38:46 GMT express-session deprecated undefined saveUninitialized option; provide saveUninitialized option at routes\middlewares.js:23:13
Error: connect ECONNREFUSED 127.0.0.1:27017
    at Object.exports._errnoException (util.js:874:11)
    at exports._exceptionWithHostPort (util.js:897:20)
    at TCPConnectWrap.afterConnect [as oncomplete] (net.js:1063:14)
2016-04-04 23:38:99: Mon, 04 Apr 2016 15:38:47 GMT express-session deprecated undefined resave option; provide resave option at routes\middlewares.js:23:13
2016-04-04 23:38:99: Mon, 04 Apr 2016 15:38:47 GMT express-session deprecated undefined saveUninitialized option; provide saveUninitialized option at routes\middlewares.js:23:13
Error: connect ECONNREFUSED 127.0.0.1:27017
    at Object.exports._errnoException (util.js:874:11)
    at exports._exceptionWithHostPort (util.js:897:20)
    at TCPConnectWrap.afterConnect [as oncomplete] (net.js:1063:14)
2016-04-04 23:38:73: Mon, 04 Apr 2016 15:38:49 GMT express-session deprecated undefined resave option; provide resave option at routes\middlewares.js:23:13
2016-04-04 23:38:75: Mon, 04 Apr 2016 15:38:49 GMT express-session deprecated undefined saveUninitialized option; provide saveUninitialized option at routes\middlewares.js:23:13
Error: connect ECONNREFUSED 127.0.0.1:27017
    at Object.exports._errnoException (util.js:874:11)
    at exports._exceptionWithHostPort (util.js:897:20)
    at TCPConnectWrap.afterConnect [as oncomplete] (net.js:1063:14)
2016-04-04 23:38:02: Mon, 04 Apr 2016 15:38:51 GMT express-session deprecated undefined resave option; provide resave option at routes\middlewares.js:23:13
2016-04-04 23:38:02: Mon, 04 Apr 2016 15:38:51 GMT express-session deprecated undefined saveUninitialized option; provide saveUninitialized option at routes\middlewares.js:23:13
Error: connect ECONNREFUSED 127.0.0.1:27017
    at Object.exports._errnoException (util.js:874:11)
    at exports._exceptionWithHostPort (util.js:897:20)
    at TCPConnectWrap.afterConnect [as oncomplete] (net.js:1063:14)
2016-04-04 23:38:37: Mon, 04 Apr 2016 15:38:52 GMT express-session deprecated undefined resave option; provide resave option at routes\middlewares.js:23:13
2016-04-04 23:38:38: Mon, 04 Apr 2016 15:38:52 GMT express-session deprecated undefined saveUninitialized option; provide saveUninitialized option at routes\middlewares.js:23:13
Error: connect ECONNREFUSED 127.0.0.1:27017
    at Object.exports._errnoException (util.js:874:11)
    at exports._exceptionWithHostPort (util.js:897:20)
    at TCPConnectWrap.afterConnect [as oncomplete] (net.js:1063:14)
2016-04-04 23:38:97: Mon, 04 Apr 2016 15:38:53 GMT express-session deprecated undefined resave option; provide resave option at routes\middlewares.js:23:13
2016-04-04 23:38:99: Mon, 04 Apr 2016 15:38:53 GMT express-session deprecated undefined saveUninitialized option; provide saveUninitialized option at routes\middlewares.js:23:13
Error: connect ECONNREFUSED 127.0.0.1:27017
    at Object.exports._errnoException (util.js:874:11)
    at exports._exceptionWithHostPort (util.js:897:20)
    at TCPConnectWrap.afterConnect [as oncomplete] (net.js:1063:14)
2016-04-04 23:38:16: Mon, 04 Apr 2016 15:38:55 GMT express-session deprecated undefined resave option; provide resave option at routes\middlewares.js:23:13
2016-04-04 23:38:16: Mon, 04 Apr 2016 15:38:55 GMT express-session deprecated undefined saveUninitialized option; provide saveUninitialized option at routes\middlewares.js:23:13
Error: connect ECONNREFUSED 127.0.0.1:27017
    at Object.exports._errnoException (util.js:874:11)
    at exports._exceptionWithHostPort (util.js:897:20)
    at TCPConnectWrap.afterConnect [as oncomplete] (net.js:1063:14)
2016-04-04 23:38:48: Mon, 04 Apr 2016 15:38:56 GMT express-session deprecated undefined resave option; provide resave option at routes\middlewares.js:23:13
2016-04-04 23:38:48: Mon, 04 Apr 2016 15:38:56 GMT express-session deprecated undefined saveUninitialized option; provide saveUninitialized option at routes\middlewares.js:23:13
Error: connect ECONNREFUSED 127.0.0.1:27017
    at Object.exports._errnoException (util.js:874:11)
    at exports._exceptionWithHostPort (util.js:897:20)
    at TCPConnectWrap.afterConnect [as oncomplete] (net.js:1063:14)
2016-04-04 23:38:83: Mon, 04 Apr 2016 15:38:57 GMT express-session deprecated undefined resave option; provide resave option at routes\middlewares.js:23:13
2016-04-04 23:38:83: Mon, 04 Apr 2016 15:38:57 GMT express-session deprecated undefined saveUninitialized option; provide saveUninitialized option at routes\middlewares.js:23:13
Error: connect ECONNREFUSED 127.0.0.1:27017
    at Object.exports._errnoException (util.js:874:11)
    at exports._exceptionWithHostPort (util.js:897:20)
    at TCPConnectWrap.afterConnect [as oncomplete] (net.js:1063:14)
2016-04-04 23:38:19: Mon, 04 Apr 2016 15:38:59 GMT express-session deprecated undefined resave option; provide resave option at routes\middlewares.js:23:13
2016-04-04 23:38:19: Mon, 04 Apr 2016 15:38:59 GMT express-session deprecated undefined saveUninitialized option; provide saveUninitialized option at routes\middlewares.js:23:13
Error: connect ECONNREFUSED 127.0.0.1:27017
    at Object.exports._errnoException (util.js:874:11)
    at exports._exceptionWithHostPort (util.js:897:20)
    at TCPConnectWrap.afterConnect [as oncomplete] (net.js:1063:14)
2016-04-04 23:39:47: Mon, 04 Apr 2016 15:39:00 GMT express-session deprecated undefined resave option; provide resave option at routes\middlewares.js:23:13
2016-04-04 23:39:49: Mon, 04 Apr 2016 15:39:00 GMT express-session deprecated undefined saveUninitialized option; provide saveUninitialized option at routes\middlewares.js:23:13
Error: connect ECONNREFUSED 127.0.0.1:27017
    at Object.exports._errnoException (util.js:874:11)
    at exports._exceptionWithHostPort (util.js:897:20)
    at TCPConnectWrap.afterConnect [as oncomplete] (net.js:1063:14)
2016-04-04 23:39:79: Mon, 04 Apr 2016 15:39:01 GMT express-session deprecated undefined resave option; provide resave option at routes\middlewares.js:23:13
2016-04-04 23:39:79: Mon, 04 Apr 2016 15:39:01 GMT express-session deprecated undefined saveUninitialized option; provide saveUninitialized option at routes\middlewares.js:23:13
Error: connect ECONNREFUSED 127.0.0.1:27017
    at Object.exports._errnoException (util.js:874:11)
    at exports._exceptionWithHostPort (util.js:897:20)
    at TCPConnectWrap.afterConnect [as oncomplete] (net.js:1063:14)
2016-04-04 23:39:16: Mon, 04 Apr 2016 15:39:03 GMT express-session deprecated undefined resave option; provide resave option at routes\middlewares.js:23:13
2016-04-04 23:39:16: Mon, 04 Apr 2016 15:39:03 GMT express-session deprecated undefined saveUninitialized option; provide saveUninitialized option at routes\middlewares.js:23:13
Error: connect ECONNREFUSED 127.0.0.1:27017
    at Object.exports._errnoException (util.js:874:11)
    at exports._exceptionWithHostPort (util.js:897:20)
    at TCPConnectWrap.afterConnect [as oncomplete] (net.js:1063:14)
2016-04-04 23:39:52: Mon, 04 Apr 2016 15:39:04 GMT express-session deprecated undefined resave option; provide resave option at routes\middlewares.js:23:13
2016-04-04 23:39:52: Mon, 04 Apr 2016 15:39:04 GMT express-session deprecated undefined saveUninitialized option; provide saveUninitialized option at routes\middlewares.js:23:13
Error: connect ECONNREFUSED 127.0.0.1:27017
    at Object.exports._errnoException (util.js:874:11)
    at exports._exceptionWithHostPort (util.js:897:20)
    at TCPConnectWrap.afterConnect [as oncomplete] (net.js:1063:14)
2016-04-04 23:39:84: Mon, 04 Apr 2016 15:39:05 GMT express-session deprecated undefined resave option; provide resave option at routes\middlewares.js:23:13
2016-04-04 23:39:84: Mon, 04 Apr 2016 15:39:05 GMT express-session deprecated undefined saveUninitialized option; provide saveUninitialized option at routes\middlewares.js:23:13
Error: connect ECONNREFUSED 127.0.0.1:27017
    at Object.exports._errnoException (util.js:874:11)
    at exports._exceptionWithHostPort (util.js:897:20)
    at TCPConnectWrap.afterConnect [as oncomplete] (net.js:1063:14)
2016-04-04 23:39:17: Mon, 04 Apr 2016 15:39:07 GMT express-session deprecated undefined resave option; provide resave option at routes\middlewares.js:23:13
2016-04-04 23:39:18: Mon, 04 Apr 2016 15:39:07 GMT express-session deprecated undefined saveUninitialized option; provide saveUninitialized option at routes\middlewares.js:23:13
Error: connect ECONNREFUSED 127.0.0.1:27017
    at Object.exports._errnoException (util.js:874:11)
    at exports._exceptionWithHostPort (util.js:897:20)
    at TCPConnectWrap.afterConnect [as oncomplete] (net.js:1063:14)
2016-04-04 23:39:46: Mon, 04 Apr 2016 15:39:08 GMT express-session deprecated undefined resave option; provide resave option at routes\middlewares.js:23:13
2016-04-04 23:39:46: Mon, 04 Apr 2016 15:39:08 GMT express-session deprecated undefined saveUninitialized option; provide saveUninitialized option at routes\middlewares.js:23:13
Error: connect ECONNREFUSED 127.0.0.1:27017
    at Object.exports._errnoException (util.js:874:11)
    at exports._exceptionWithHostPort (util.js:897:20)
    at TCPConnectWrap.afterConnect [as oncomplete] (net.js:1063:14)
2016-04-04 23:39:78: Mon, 04 Apr 2016 15:39:09 GMT express-session deprecated undefined resave option; provide resave option at routes\middlewares.js:23:13
2016-04-04 23:39:80: Mon, 04 Apr 2016 15:39:09 GMT express-session deprecated undefined saveUninitialized option; provide saveUninitialized option at routes\middlewares.js:23:13
Error: connect ECONNREFUSED 127.0.0.1:27017
    at Object.exports._errnoException (util.js:874:11)
    at exports._exceptionWithHostPort (util.js:897:20)
    at TCPConnectWrap.afterConnect [as oncomplete] (net.js:1063:14)
2016-04-04 23:39:22: Mon, 04 Apr 2016 15:39:12 GMT express-session deprecated undefined resave option; provide resave option at routes\middlewares.js:23:13
2016-04-04 23:39:22: Mon, 04 Apr 2016 15:39:12 GMT express-session deprecated undefined saveUninitialized option; provide saveUninitialized option at routes\middlewares.js:23:13
2016-04-04 23:39:04: Mon, 04 Apr 2016 15:39:14 GMT express-session deprecated undefined resave option; provide resave option at routes\middlewares.js:23:13
2016-04-04 23:39:06: Mon, 04 Apr 2016 15:39:14 GMT express-session deprecated undefined saveUninitialized option; provide saveUninitialized option at routes\middlewares.js:23:13
2016-04-04 23:39:88: Mon, 04 Apr 2016 15:39:15 GMT express-session deprecated undefined resave option; provide resave option at routes\middlewares.js:23:13
2016-04-04 23:39:90: Mon, 04 Apr 2016 15:39:15 GMT express-session deprecated undefined saveUninitialized option; provide saveUninitialized option at routes\middlewares.js:23:13
2016-04-04 23:39:00: Mon, 04 Apr 2016 15:39:18 GMT express-session deprecated undefined resave option; provide resave option at routes\middlewares.js:23:13
2016-04-04 23:39:02: Mon, 04 Apr 2016 15:39:18 GMT express-session deprecated undefined resave option; provide resave option at routes\middlewares.js:23:13
2016-04-04 23:39:01: Mon, 04 Apr 2016 15:39:18 GMT express-session deprecated undefined saveUninitialized option; provide saveUninitialized option at routes\middlewares.js:23:13
2016-04-04 23:39:02: Mon, 04 Apr 2016 15:39:18 GMT express-session deprecated undefined saveUninitialized option; provide saveUninitialized option at routes\middlewares.js:23:13
Error: connect ECONNREFUSED 127.0.0.1:27017
    at Object.exports._errnoException (util.js:874:11)
    at exports._exceptionWithHostPort (util.js:897:20)
    at TCPConnectWrap.afterConnect [as oncomplete] (net.js:1063:14)
2016-04-04 23:39:24: Mon, 04 Apr 2016 15:39:20 GMT express-session deprecated undefined resave option; provide resave option at routes\middlewares.js:23:13
2016-04-04 23:39:28: Mon, 04 Apr 2016 15:39:20 GMT express-session deprecated undefined resave option; provide resave option at routes\middlewares.js:23:13
2016-04-04 23:39:25: Mon, 04 Apr 2016 15:39:20 GMT express-session deprecated undefined saveUninitialized option; provide saveUninitialized option at routes\middlewares.js:23:13
2016-04-04 23:39:29: Mon, 04 Apr 2016 15:39:20 GMT express-session deprecated undefined saveUninitialized option; provide saveUninitialized option at routes\middlewares.js:23:13
2016-04-04 23:39:75: Mon, 04 Apr 2016 15:39:20 GMT express-session deprecated undefined resave option; provide resave option at routes\middlewares.js:23:13
2016-04-04 23:39:75: Mon, 04 Apr 2016 15:39:20 GMT express-session deprecated undefined saveUninitialized option; provide saveUninitialized option at routes\middlewares.js:23:13
2016-04-04 23:39:33: Mon, 04 Apr 2016 15:39:23 GMT express-session deprecated undefined resave option; provide resave option at routes\middlewares.js:23:13
2016-04-04 23:39:34: Mon, 04 Apr 2016 15:39:23 GMT express-session deprecated undefined saveUninitialized option; provide saveUninitialized option at routes\middlewares.js:23:13
2016-04-04 23:39:43: Mon, 04 Apr 2016 15:39:23 GMT express-session deprecated undefined resave option; provide resave option at routes\middlewares.js:23:13
2016-04-04 23:39:43: Mon, 04 Apr 2016 15:39:23 GMT express-session deprecated undefined saveUninitialized option; provide saveUninitialized option at routes\middlewares.js:23:13
2016-04-04 23:39:37: Mon, 04 Apr 2016 15:39:24 GMT express-session deprecated undefined resave option; provide resave option at routes\middlewares.js:23:13
2016-04-04 23:39:38: Mon, 04 Apr 2016 15:39:24 GMT express-session deprecated undefined saveUninitialized option; provide saveUninitialized option at routes\middlewares.js:23:13
Error: connect ECONNREFUSED 127.0.0.1:27017
    at Object.exports._errnoException (util.js:874:11)
    at exports._exceptionWithHostPort (util.js:897:20)
    at TCPConnectWrap.afterConnect [as oncomplete] (net.js:1063:14)
Error: connect ECONNREFUSED 127.0.0.1:27017
    at Object.exports._errnoException (util.js:874:11)
    at exports._exceptionWithHostPort (util.js:897:20)
    at TCPConnectWrap.afterConnect [as oncomplete] (net.js:1063:14)
Error: connect ECONNREFUSED 127.0.0.1:27017
    at Object.exports._errnoException (util.js:874:11)
    at exports._exceptionWithHostPort (util.js:897:20)
    at TCPConnectWrap.afterConnect [as oncomplete] (net.js:1063:14)
2016-04-04 23:39:00: Mon, 04 Apr 2016 15:39:26 GMT express-session deprecated undefined resave option; provide resave option at routes\middlewares.js:23:13
2016-04-04 23:39:03: Mon, 04 Apr 2016 15:39:26 GMT express-session deprecated undefined resave option; provide resave option at routes\middlewares.js:23:13
2016-04-04 23:39:00: Mon, 04 Apr 2016 15:39:26 GMT express-session deprecated undefined saveUninitialized option; provide saveUninitialized option at routes\middlewares.js:23:13
2016-04-04 23:39:05: Mon, 04 Apr 2016 15:39:26 GMT express-session deprecated undefined saveUninitialized option; provide saveUninitialized option at routes\middlewares.js:23:13
Error: connect ECONNREFUSED 127.0.0.1:27017
    at Object.exports._errnoException (util.js:874:11)
    at exports._exceptionWithHostPort (util.js:897:20)
    at TCPConnectWrap.afterConnect [as oncomplete] (net.js:1063:14)
Error: connect ECONNREFUSED 127.0.0.1:27017
    at Object.exports._errnoException (util.js:874:11)
    at exports._exceptionWithHostPort (util.js:897:20)
    at TCPConnectWrap.afterConnect [as oncomplete] (net.js:1063:14)
2016-04-04 23:39:27: Mon, 04 Apr 2016 15:39:27 GMT express-session deprecated undefined resave option; provide resave option at routes\middlewares.js:23:13
2016-04-04 23:39:27: Mon, 04 Apr 2016 15:39:27 GMT express-session deprecated undefined saveUninitialized option; provide saveUninitialized option at routes\middlewares.js:23:13
Error: connect ECONNREFUSED 127.0.0.1:27017
    at Object.exports._errnoException (util.js:874:11)
    at exports._exceptionWithHostPort (util.js:897:20)
    at TCPConnectWrap.afterConnect [as oncomplete] (net.js:1063:14)
2016-04-04 23:39:54: Mon, 04 Apr 2016 15:39:28 GMT express-session deprecated undefined resave option; provide resave option at routes\middlewares.js:23:13
2016-04-04 23:39:54: Mon, 04 Apr 2016 15:39:28 GMT express-session deprecated undefined saveUninitialized option; provide saveUninitialized option at routes\middlewares.js:23:13
Error: connect ECONNREFUSED 127.0.0.1:27017
    at Object.exports._errnoException (util.js:874:11)
    at exports._exceptionWithHostPort (util.js:897:20)
    at TCPConnectWrap.afterConnect [as oncomplete] (net.js:1063:14)
2016-04-04 23:39:91: Mon, 04 Apr 2016 15:39:29 GMT express-session deprecated undefined resave option; provide resave option at routes\middlewares.js:23:13
2016-04-04 23:39:91: Mon, 04 Apr 2016 15:39:29 GMT express-session deprecated undefined saveUninitialized option; provide saveUninitialized option at routes\middlewares.js:23:13
Error: connect ECONNREFUSED 127.0.0.1:27017
    at Object.exports._errnoException (util.js:874:11)
    at exports._exceptionWithHostPort (util.js:897:20)
    at TCPConnectWrap.afterConnect [as oncomplete] (net.js:1063:14)
2016-04-04 23:39:24: Mon, 04 Apr 2016 15:39:31 GMT express-session deprecated undefined resave option; provide resave option at routes\middlewares.js:23:13
2016-04-04 23:39:24: Mon, 04 Apr 2016 15:39:31 GMT express-session deprecated undefined saveUninitialized option; provide saveUninitialized option at routes\middlewares.js:23:13
Error: connect ECONNREFUSED 127.0.0.1:27017
    at Object.exports._errnoException (util.js:874:11)
    at exports._exceptionWithHostPort (util.js:897:20)
    at TCPConnectWrap.afterConnect [as oncomplete] (net.js:1063:14)
2016-04-04 23:39:58: Mon, 04 Apr 2016 15:39:32 GMT express-session deprecated undefined resave option; provide resave option at routes\middlewares.js:23:13
2016-04-04 23:39:58: Mon, 04 Apr 2016 15:39:32 GMT express-session deprecated undefined saveUninitialized option; provide saveUninitialized option at routes\middlewares.js:23:13
Error: connect ECONNREFUSED 127.0.0.1:27017
    at Object.exports._errnoException (util.js:874:11)
    at exports._exceptionWithHostPort (util.js:897:20)
    at TCPConnectWrap.afterConnect [as oncomplete] (net.js:1063:14)
2016-04-04 23:39:90: Mon, 04 Apr 2016 15:39:33 GMT express-session deprecated undefined resave option; provide resave option at routes\middlewares.js:23:13
2016-04-04 23:39:90: Mon, 04 Apr 2016 15:39:33 GMT express-session deprecated undefined saveUninitialized option; provide saveUninitialized option at routes\middlewares.js:23:13
2016-04-04 23:39:60: Mon, 04 Apr 2016 15:39:35 GMT express-session deprecated undefined resave option; provide resave option at routes\middlewares.js:23:13
2016-04-04 23:39:60: Mon, 04 Apr 2016 15:39:35 GMT express-session deprecated undefined saveUninitialized option; provide saveUninitialized option at routes\middlewares.js:23:13
2016-04-04 23:39:80: Mon, 04 Apr 2016 15:39:35 GMT express-session deprecated undefined resave option; provide resave option at routes\middlewares.js:23:13
2016-04-04 23:39:80: Mon, 04 Apr 2016 15:39:35 GMT express-session deprecated undefined saveUninitialized option; provide saveUninitialized option at routes\middlewares.js:23:13
Error: connect ECONNREFUSED 127.0.0.1:27017
    at Object.exports._errnoException (util.js:874:11)
    at exports._exceptionWithHostPort (util.js:897:20)
    at TCPConnectWrap.afterConnect [as oncomplete] (net.js:1063:14)
2016-04-04 23:39:04: Mon, 04 Apr 2016 15:39:38 GMT express-session deprecated undefined resave option; provide resave option at routes\middlewares.js:23:13
2016-04-04 23:39:04: Mon, 04 Apr 2016 15:39:38 GMT express-session deprecated undefined saveUninitialized option; provide saveUninitialized option at routes\middlewares.js:23:13
2016-04-04 23:39:54: Mon, 04 Apr 2016 15:39:38 GMT express-session deprecated undefined resave option; provide resave option at routes\middlewares.js:23:13
2016-04-04 23:39:54: Mon, 04 Apr 2016 15:39:38 GMT express-session deprecated undefined saveUninitialized option; provide saveUninitialized option at routes\middlewares.js:23:13
Error: connect ECONNREFUSED 127.0.0.1:27017
    at Object.exports._errnoException (util.js:874:11)
    at exports._exceptionWithHostPort (util.js:897:20)
    at TCPConnectWrap.afterConnect [as oncomplete] (net.js:1063:14)
2016-04-04 23:39:08: Mon, 04 Apr 2016 15:39:41 GMT express-session deprecated undefined resave option; provide resave option at routes\middlewares.js:23:13
2016-04-04 23:39:09: Mon, 04 Apr 2016 15:39:41 GMT express-session deprecated undefined saveUninitialized option; provide saveUninitialized option at routes\middlewares.js:23:13
Error: connect ECONNREFUSED 127.0.0.1:27017
    at Object.exports._errnoException (util.js:874:11)
    at exports._exceptionWithHostPort (util.js:897:20)
    at TCPConnectWrap.afterConnect [as oncomplete] (net.js:1063:14)
2016-04-04 23:39:28: Mon, 04 Apr 2016 15:39:42 GMT express-session deprecated undefined resave option; provide resave option at routes\middlewares.js:23:13
2016-04-04 23:39:28: Mon, 04 Apr 2016 15:39:42 GMT express-session deprecated undefined saveUninitialized option; provide saveUninitialized option at routes\middlewares.js:23:13
2016-04-04 23:39:73: Mon, 04 Apr 2016 15:39:43 GMT express-session deprecated undefined resave option; provide resave option at routes\middlewares.js:23:13
2016-04-04 23:39:73: Mon, 04 Apr 2016 15:39:43 GMT express-session deprecated undefined saveUninitialized option; provide saveUninitialized option at routes\middlewares.js:23:13
Error: connect ECONNREFUSED 127.0.0.1:27017
    at Object.exports._errnoException (util.js:874:11)
    at exports._exceptionWithHostPort (util.js:897:20)
    at TCPConnectWrap.afterConnect [as oncomplete] (net.js:1063:14)
2016-04-04 23:39:22: Mon, 04 Apr 2016 15:39:45 GMT express-session deprecated undefined resave option; provide resave option at routes\middlewares.js:23:13
2016-04-04 23:39:22: Mon, 04 Apr 2016 15:39:45 GMT express-session deprecated undefined saveUninitialized option; provide saveUninitialized option at routes\middlewares.js:23:13
Error: connect ECONNREFUSED 127.0.0.1:27017
    at Object.exports._errnoException (util.js:874:11)
    at exports._exceptionWithHostPort (util.js:897:20)
    at TCPConnectWrap.afterConnect [as oncomplete] (net.js:1063:14)
2016-04-04 23:39:49: Mon, 04 Apr 2016 15:39:46 GMT express-session deprecated undefined resave option; provide resave option at routes\middlewares.js:23:13
2016-04-04 23:39:51: Mon, 04 Apr 2016 15:39:46 GMT express-session deprecated undefined saveUninitialized option; provide saveUninitialized option at routes\middlewares.js:23:13
Error: connect ECONNREFUSED 127.0.0.1:27017
    at Object.exports._errnoException (util.js:874:11)
    at exports._exceptionWithHostPort (util.js:897:20)
    at TCPConnectWrap.afterConnect [as oncomplete] (net.js:1063:14)
2016-04-04 23:39:82: Mon, 04 Apr 2016 15:39:47 GMT express-session deprecated undefined resave option; provide resave option at routes\middlewares.js:23:13
2016-04-04 23:39:84: Mon, 04 Apr 2016 15:39:47 GMT express-session deprecated undefined saveUninitialized option; provide saveUninitialized option at routes\middlewares.js:23:13
2016-04-04 23:39:20: Mon, 04 Apr 2016 15:39:49 GMT express-session deprecated undefined resave option; provide resave option at routes\middlewares.js:23:13
2016-04-04 23:39:20: Mon, 04 Apr 2016 15:39:49 GMT express-session deprecated undefined saveUninitialized option; provide saveUninitialized option at routes\middlewares.js:23:13
2016-04-04 23:39:04: Mon, 04 Apr 2016 15:39:51 GMT express-session deprecated undefined resave option; provide resave option at routes\middlewares.js:23:13
2016-04-04 23:39:04: Mon, 04 Apr 2016 15:39:51 GMT express-session deprecated undefined saveUninitialized option; provide saveUninitialized option at routes\middlewares.js:23:13
2016-04-04 23:39:42: Mon, 04 Apr 2016 15:39:52 GMT express-session deprecated undefined resave option; provide resave option at routes\middlewares.js:23:13
2016-04-04 23:39:42: Mon, 04 Apr 2016 15:39:52 GMT express-session deprecated undefined saveUninitialized option; provide saveUninitialized option at routes\middlewares.js:23:13
2016-04-04 23:39:33: Mon, 04 Apr 2016 15:39:54 GMT express-session deprecated undefined resave option; provide resave option at routes\middlewares.js:23:13
2016-04-04 23:39:33: Mon, 04 Apr 2016 15:39:54 GMT express-session deprecated undefined saveUninitialized option; provide saveUninitialized option at routes\middlewares.js:23:13
2016-04-04 23:39:75: Mon, 04 Apr 2016 15:39:54 GMT express-session deprecated undefined resave option; provide resave option at routes\middlewares.js:23:13
2016-04-04 23:39:76: Mon, 04 Apr 2016 15:39:54 GMT express-session deprecated undefined saveUninitialized option; provide saveUninitialized option at routes\middlewares.js:23:13
Error: connect ECONNREFUSED 127.0.0.1:27017
    at Object.exports._errnoException (util.js:874:11)
    at exports._exceptionWithHostPort (util.js:897:20)
    at TCPConnectWrap.afterConnect [as oncomplete] (net.js:1063:14)
2016-04-04 23:39:75: Mon, 04 Apr 2016 15:39:56 GMT express-session deprecated undefined resave option; provide resave option at routes\middlewares.js:23:13
2016-04-04 23:39:76: Mon, 04 Apr 2016 15:39:56 GMT express-session deprecated undefined saveUninitialized option; provide saveUninitialized option at routes\middlewares.js:23:13
2016-04-04 23:39:08: Mon, 04 Apr 2016 15:39:57 GMT express-session deprecated undefined resave option; provide resave option at routes\middlewares.js:23:13
2016-04-04 23:39:08: Mon, 04 Apr 2016 15:39:57 GMT express-session deprecated undefined saveUninitialized option; provide saveUninitialized option at routes\middlewares.js:23:13
Error: connect ECONNREFUSED 127.0.0.1:27017
    at Object.exports._errnoException (util.js:874:11)
    at exports._exceptionWithHostPort (util.js:897:20)
    at TCPConnectWrap.afterConnect [as oncomplete] (net.js:1063:14)
2016-04-04 23:39:33: Mon, 04 Apr 2016 15:39:59 GMT express-session deprecated undefined resave option; provide resave option at routes\middlewares.js:23:13
2016-04-04 23:39:34: Mon, 04 Apr 2016 15:39:59 GMT express-session deprecated undefined saveUninitialized option; provide saveUninitialized option at routes\middlewares.js:23:13
2016-04-04 23:39:55: Mon, 04 Apr 2016 15:39:59 GMT express-session deprecated undefined resave option; provide resave option at routes\middlewares.js:23:13
2016-04-04 23:39:57: Mon, 04 Apr 2016 15:39:59 GMT express-session deprecated undefined saveUninitialized option; provide saveUninitialized option at routes\middlewares.js:23:13
Error: connect ECONNREFUSED 127.0.0.1:27017
    at Object.exports._errnoException (util.js:874:11)
    at exports._exceptionWithHostPort (util.js:897:20)
    at TCPConnectWrap.afterConnect [as oncomplete] (net.js:1063:14)
2016-04-04 23:40:41: Mon, 04 Apr 2016 15:40:02 GMT express-session deprecated undefined resave option; provide resave option at routes\middlewares.js:23:13
2016-04-04 23:40:41: Mon, 04 Apr 2016 15:40:02 GMT express-session deprecated undefined saveUninitialized option; provide saveUninitialized option at routes\middlewares.js:23:13
2016-04-04 23:40:93: Mon, 04 Apr 2016 15:40:02 GMT express-session deprecated undefined resave option; provide resave option at routes\middlewares.js:23:13
2016-04-04 23:40:93: Mon, 04 Apr 2016 15:40:02 GMT express-session deprecated undefined saveUninitialized option; provide saveUninitialized option at routes\middlewares.js:23:13
Error: connect ECONNREFUSED 127.0.0.1:27017
    at Object.exports._errnoException (util.js:874:11)
    at exports._exceptionWithHostPort (util.js:897:20)
    at TCPConnectWrap.afterConnect [as oncomplete] (net.js:1063:14)
2016-04-04 23:40:87: Mon, 04 Apr 2016 15:40:04 GMT express-session deprecated undefined resave option; provide resave option at routes\middlewares.js:23:13
2016-04-04 23:40:88: Mon, 04 Apr 2016 15:40:04 GMT express-session deprecated undefined saveUninitialized option; provide saveUninitialized option at routes\middlewares.js:23:13
2016-04-04 23:40:00: Mon, 04 Apr 2016 15:40:05 GMT express-session deprecated undefined resave option; provide resave option at routes\middlewares.js:23:13
2016-04-04 23:40:00: Mon, 04 Apr 2016 15:40:05 GMT express-session deprecated undefined saveUninitialized option; provide saveUninitialized option at routes\middlewares.js:23:13
Error: connect ECONNREFUSED 127.0.0.1:27017
    at Object.exports._errnoException (util.js:874:11)
    at exports._exceptionWithHostPort (util.js:897:20)
    at TCPConnectWrap.afterConnect [as oncomplete] (net.js:1063:14)
2016-04-04 23:40:70: Mon, 04 Apr 2016 15:40:06 GMT express-session deprecated undefined resave option; provide resave option at routes\middlewares.js:23:13
2016-04-04 23:40:70: Mon, 04 Apr 2016 15:40:06 GMT express-session deprecated undefined saveUninitialized option; provide saveUninitialized option at routes\middlewares.js:23:13
Error: connect ECONNREFUSED 127.0.0.1:27017
    at Object.exports._errnoException (util.js:874:11)
    at exports._exceptionWithHostPort (util.js:897:20)
    at TCPConnectWrap.afterConnect [as oncomplete] (net.js:1063:14)
2016-04-04 23:40:69: Mon, 04 Apr 2016 15:40:09 GMT express-session deprecated undefined resave option; provide resave option at routes\middlewares.js:23:13
2016-04-04 23:40:70: Mon, 04 Apr 2016 15:40:09 GMT express-session deprecated undefined saveUninitialized option; provide saveUninitialized option at routes\middlewares.js:23:13
2016-04-04 23:40:93: Mon, 04 Apr 2016 15:40:14 GMT express-session deprecated undefined resave option; provide resave option at routes\middlewares.js:23:13
2016-04-04 23:40:93: Mon, 04 Apr 2016 15:40:14 GMT express-session deprecated undefined saveUninitialized option; provide saveUninitialized option at routes\middlewares.js:23:13
Error: connect ECONNREFUSED 127.0.0.1:27017
    at Object.exports._errnoException (util.js:874:11)
    at exports._exceptionWithHostPort (util.js:897:20)
    at TCPConnectWrap.afterConnect [as oncomplete] (net.js:1063:14)
2016-04-04 23:40:32: Mon, 04 Apr 2016 15:40:17 GMT express-session deprecated undefined resave option; provide resave option at routes\middlewares.js:23:13
2016-04-04 23:40:32: Mon, 04 Apr 2016 15:40:17 GMT express-session deprecated undefined saveUninitialized option; provide saveUninitialized option at routes\middlewares.js:23:13
Error: connect ECONNREFUSED 127.0.0.1:27017
    at Object.exports._errnoException (util.js:874:11)
    at exports._exceptionWithHostPort (util.js:897:20)
    at TCPConnectWrap.afterConnect [as oncomplete] (net.js:1063:14)
2016-04-04 23:40:93: Mon, 04 Apr 2016 15:40:19 GMT express-session deprecated undefined resave option; provide resave option at routes\middlewares.js:23:13
2016-04-04 23:40:93: Mon, 04 Apr 2016 15:40:19 GMT express-session deprecated undefined saveUninitialized option; provide saveUninitialized option at routes\middlewares.js:23:13
Error: connect ECONNREFUSED 127.0.0.1:27017
    at Object.exports._errnoException (util.js:874:11)
    at exports._exceptionWithHostPort (util.js:897:20)
    at TCPConnectWrap.afterConnect [as oncomplete] (net.js:1063:14)
2016-04-04 23:40:34: Mon, 04 Apr 2016 15:40:22 GMT express-session deprecated undefined resave option; provide resave option at routes\middlewares.js:23:13
2016-04-04 23:40:34: Mon, 04 Apr 2016 15:40:22 GMT express-session deprecated undefined saveUninitialized option; provide saveUninitialized option at routes\middlewares.js:23:13
2016-04-04 23:40:20: Mon, 04 Apr 2016 15:40:24 GMT express-session deprecated undefined resave option; provide resave option at routes\middlewares.js:23:13
2016-04-04 23:40:20: Mon, 04 Apr 2016 15:40:24 GMT express-session deprecated undefined saveUninitialized option; provide saveUninitialized option at routes\middlewares.js:23:13
Error: connect ECONNREFUSED 127.0.0.1:27017
    at Object.exports._errnoException (util.js:874:11)
    at exports._exceptionWithHostPort (util.js:897:20)
    at TCPConnectWrap.afterConnect [as oncomplete] (net.js:1063:14)
2016-04-04 23:40:49: Mon, 04 Apr 2016 15:40:26 GMT express-session deprecated undefined resave option; provide resave option at routes\middlewares.js:23:13
2016-04-04 23:40:51: Mon, 04 Apr 2016 15:40:26 GMT express-session deprecated undefined saveUninitialized option; provide saveUninitialized option at routes\middlewares.js:23:13
Error: connect ECONNREFUSED 127.0.0.1:27017
    at Object.exports._errnoException (util.js:874:11)
    at exports._exceptionWithHostPort (util.js:897:20)
    at TCPConnectWrap.afterConnect [as oncomplete] (net.js:1063:14)
2016-04-04 23:40:77: Mon, 04 Apr 2016 15:40:28 GMT express-session deprecated undefined resave option; provide resave option at routes\middlewares.js:23:13
2016-04-04 23:40:78: Mon, 04 Apr 2016 15:40:28 GMT express-session deprecated undefined saveUninitialized option; provide saveUninitialized option at routes\middlewares.js:23:13
Error: connect ECONNREFUSED 127.0.0.1:27017
    at Object.exports._errnoException (util.js:874:11)
    at exports._exceptionWithHostPort (util.js:897:20)
    at TCPConnectWrap.afterConnect [as oncomplete] (net.js:1063:14)
2016-04-04 23:40:20: Mon, 04 Apr 2016 15:40:31 GMT express-session deprecated undefined resave option; provide resave option at routes\middlewares.js:23:13
2016-04-04 23:40:20: Mon, 04 Apr 2016 15:40:31 GMT express-session deprecated undefined saveUninitialized option; provide saveUninitialized option at routes\middlewares.js:23:13
Error: connect ECONNREFUSED 127.0.0.1:27017
    at Object.exports._errnoException (util.js:874:11)
    at exports._exceptionWithHostPort (util.js:897:20)
    at TCPConnectWrap.afterConnect [as oncomplete] (net.js:1063:14)
2016-04-04 23:40:55: Mon, 04 Apr 2016 15:40:33 GMT express-session deprecated undefined resave option; provide resave option at routes\middlewares.js:23:13
2016-04-04 23:40:57: Mon, 04 Apr 2016 15:40:33 GMT express-session deprecated undefined saveUninitialized option; provide saveUninitialized option at routes\middlewares.js:23:13
Error: connect ECONNREFUSED 127.0.0.1:27017
    at Object.exports._errnoException (util.js:874:11)
    at exports._exceptionWithHostPort (util.js:897:20)
    at TCPConnectWrap.afterConnect [as oncomplete] (net.js:1063:14)
2016-04-04 23:40:82: Mon, 04 Apr 2016 15:40:35 GMT express-session deprecated undefined resave option; provide resave option at routes\middlewares.js:23:13
2016-04-04 23:40:82: Mon, 04 Apr 2016 15:40:35 GMT express-session deprecated undefined saveUninitialized option; provide saveUninitialized option at routes\middlewares.js:23:13
Error: connect ECONNREFUSED 127.0.0.1:27017
    at Object.exports._errnoException (util.js:874:11)
    at exports._exceptionWithHostPort (util.js:897:20)
    at TCPConnectWrap.afterConnect [as oncomplete] (net.js:1063:14)
2016-04-04 23:40:13: Mon, 04 Apr 2016 15:40:38 GMT express-session deprecated undefined resave option; provide resave option at routes\middlewares.js:23:13
2016-04-04 23:40:14: Mon, 04 Apr 2016 15:40:38 GMT express-session deprecated undefined saveUninitialized option; provide saveUninitialized option at routes\middlewares.js:23:13
2016-04-04 23:40:10: Mon, 04 Apr 2016 15:40:40 GMT express-session deprecated undefined resave option; provide resave option at routes\middlewares.js:23:13
2016-04-04 23:40:12: Mon, 04 Apr 2016 15:40:40 GMT express-session deprecated undefined saveUninitialized option; provide saveUninitialized option at routes\middlewares.js:23:13
2016-04-04 23:40:37: Mon, 04 Apr 2016 15:40:42 GMT express-session deprecated undefined resave option; provide resave option at routes\middlewares.js:23:13
2016-04-04 23:40:37: Mon, 04 Apr 2016 15:40:42 GMT express-session deprecated undefined saveUninitialized option; provide saveUninitialized option at routes\middlewares.js:23:13
Error: connect ECONNREFUSED 127.0.0.1:27017
    at Object.exports._errnoException (util.js:874:11)
    at exports._exceptionWithHostPort (util.js:897:20)
    at TCPConnectWrap.afterConnect [as oncomplete] (net.js:1063:14)
2016-04-04 23:40:37: Mon, 04 Apr 2016 15:40:45 GMT express-session deprecated undefined resave option; provide resave option at routes\middlewares.js:23:13
2016-04-04 23:40:37: Mon, 04 Apr 2016 15:40:45 GMT express-session deprecated undefined saveUninitialized option; provide saveUninitialized option at routes\middlewares.js:23:13
2016-04-04 23:40:28: Mon, 04 Apr 2016 15:40:47 GMT express-session deprecated undefined resave option; provide resave option at routes\middlewares.js:23:13
2016-04-04 23:40:28: Mon, 04 Apr 2016 15:40:47 GMT express-session deprecated undefined saveUninitialized option; provide saveUninitialized option at routes\middlewares.js:23:13
Error: connect ECONNREFUSED 127.0.0.1:27017
    at Object.exports._errnoException (util.js:874:11)
    at exports._exceptionWithHostPort (util.js:897:20)
    at TCPConnectWrap.afterConnect [as oncomplete] (net.js:1063:14)
2016-04-04 23:40:64: Mon, 04 Apr 2016 15:40:49 GMT express-session deprecated undefined resave option; provide resave option at routes\middlewares.js:23:13
2016-04-04 23:40:64: Mon, 04 Apr 2016 15:40:49 GMT express-session deprecated undefined saveUninitialized option; provide saveUninitialized option at routes\middlewares.js:23:13
Error: connect ECONNREFUSED 127.0.0.1:27017
    at Object.exports._errnoException (util.js:874:11)
    at exports._exceptionWithHostPort (util.js:897:20)
    at TCPConnectWrap.afterConnect [as oncomplete] (net.js:1063:14)
2016-04-04 23:40:94: Mon, 04 Apr 2016 15:40:51 GMT express-session deprecated undefined resave option; provide resave option at routes\middlewares.js:23:13
2016-04-04 23:40:94: Mon, 04 Apr 2016 15:40:51 GMT express-session deprecated undefined saveUninitialized option; provide saveUninitialized option at routes\middlewares.js:23:13
